{
  "RSpec": {
    "coverage": {
      "/Users/susanboyd/turing/3module/projects/viewing_party_lite/app/helpers/application_helper.rb": {
        "lines": [
          1,
          null
        ]
      },
      "/Users/susanboyd/turing/3module/projects/viewing_party_lite/app/models/party.rb": {
        "lines": [
          1,
          1,
          null,
          1,
          1,
          null,
          1,
          14,
          null,
          null,
          1,
          3,
          null,
          null
        ]
      },
      "/Users/susanboyd/turing/3module/projects/viewing_party_lite/app/models/application_record.rb": {
        "lines": [
          1,
          1,
          null
        ]
      },
      "/Users/susanboyd/turing/3module/projects/viewing_party_lite/app/models/party_user.rb": {
        "lines": [
          1,
          1,
          1,
          null,
          1,
          null
        ]
      },
      "/Users/susanboyd/turing/3module/projects/viewing_party_lite/app/models/user.rb": {
        "lines": [
          1,
          1,
          1,
          null,
          1,
          1,
          1,
          1,
          1,
          null,
          1,
          null,
          1,
          9,
          null,
          null,
          1,
          9,
          null,
          null,
          null
        ]
      },
      "/Users/susanboyd/turing/3module/projects/viewing_party_lite/app/poros/movie.rb": {
        "lines": [
          1,
          1,
          null,
          1,
          114,
          114,
          114,
          114,
          114,
          114,
          114,
          114,
          null,
          null,
          1,
          115,
          28,
          null,
          null,
          null,
          1,
          115,
          101,
          null,
          null,
          null,
          1,
          115,
          28,
          null,
          null,
          null,
          1,
          6,
          5,
          5,
          5,
          1,
          null,
          4,
          null,
          null,
          1,
          null,
          null,
          null
        ]
      },
      "/Users/susanboyd/turing/3module/projects/viewing_party_lite/app/services/movie_service.rb": {
        "lines": [
          1,
          1,
          5,
          5,
          null,
          null,
          1,
          24,
          24,
          null,
          null,
          1,
          1,
          1,
          null,
          null,
          1,
          30,
          30,
          null,
          null,
          null,
          1,
          30,
          null,
          null
        ]
      },
      "/Users/susanboyd/turing/3module/projects/viewing_party_lite/app/controllers/welcome_controller.rb": {
        "lines": [
          1,
          1,
          7,
          null,
          null,
          null
        ]
      },
      "/Users/susanboyd/turing/3module/projects/viewing_party_lite/app/controllers/application_controller.rb": {
        "lines": [
          1,
          1,
          0,
          null,
          null
        ]
      },
      "/Users/susanboyd/turing/3module/projects/viewing_party_lite/app/controllers/users_controller.rb": {
        "lines": [
          1,
          1,
          null,
          null,
          1,
          9,
          null,
          null,
          1,
          3,
          3,
          1,
          null,
          2,
          null,
          2,
          null,
          null,
          null,
          1,
          1,
          3,
          null,
          null,
          null
        ]
      },
      "/Users/susanboyd/turing/3module/projects/viewing_party_lite/app/controllers/movies_controller.rb": {
        "lines": [
          1,
          1,
          4,
          null,
          null,
          1,
          4,
          4,
          3,
          1,
          1,
          null,
          null,
          null,
          1,
          4,
          4,
          null,
          null
        ]
      },
      "/Users/susanboyd/turing/3module/projects/viewing_party_lite/app/facades/movie_facade.rb": {
        "lines": [
          1,
          null,
          1,
          3,
          3,
          60,
          null,
          null,
          null,
          1,
          24,
          24,
          null,
          null,
          1,
          1,
          1,
          20,
          null,
          null,
          null
        ]
      },
      "/Users/susanboyd/turing/3module/projects/viewing_party_lite/app/controllers/parties_controller.rb": {
        "lines": [
          1,
          null,
          1,
          4,
          4,
          4,
          null,
          null,
          1,
          2,
          2,
          null,
          2,
          1,
          1,
          1,
          null,
          1,
          1,
          null,
          0,
          null,
          null,
          1,
          1,
          1,
          null,
          null,
          null,
          1,
          null,
          1,
          2,
          null,
          null
        ]
      }
    },
    "timestamp": 1653331030
  }
}
